# JRE version: OpenJDK Runtime Environment (18.0.1.1+2) (build 18.0.1.1+2-6)
# Java VM: OpenJDK 64-Bit Server VM (18.0.1.1+2-6, mixed mode, sharing, tiered, compressed oops, compressed class ptrs, g1 gc, windows-amd64)
GC Precious Log:
 CardTable entry size: 512
 Card Set container configuration: InlinePtr #cards 4 size 8 Array Of Cards #cards 16 size 48 Howl #buckets 8 coarsen threshold 3686 Howl Bitmap #cards 512 size 80 coarsen threshold 460 Card regions per heap region 1 cards per card region 4096
 CPUs: 3 total, 3 available
 Memory: 10239M
 Large Page Support: Disabled
 NUMA Support: Disabled
 Compressed Oops: Enabled (Zero based)
 Heap Region Size: 2M
 Heap Min Capacity: 8M
 Heap Initial Capacity: 160M
 Heap Max Capacity: 2560M
 Pre-touch: Disabled
 Parallel Workers: 3
 Concurrent Workers: 1
 Concurrent Refinement Workers: 3
 Periodic GC: Disabled
Heap:
 garbage-first heap   total 163840K, used 35116K [0x0000000760000000, 0x0000000800000000)
  region size 2048K, 18 young (36864K), 2 survivors (4096K)
 Metaspace       used 17534K, committed 17728K, reserved 1114112K
  class space    used 2071K, committed 2176K, reserved 1048576K
GC Heap History (8 events):
Event: 12.557 GC heap before
{Heap before GC invocations=0 (full 0):
 garbage-first heap   total 163840K, used 6144K [0x0000000760000000, 0x0000000800000000)
  region size 2048K, 4 young (8192K), 0 survivors (0K)
 Metaspace       used 2405K, committed 2560K, reserved 1114112K
  class space    used 210K, committed 320K, reserved 1048576K
}
Event: 12.566 GC heap after
{Heap after GC invocations=1 (full 0):
 garbage-first heap   total 163840K, used 3933K [0x0000000760000000, 0x0000000800000000)
  region size 2048K, 1 young (2048K), 1 survivors (2048K)
 Metaspace       used 2405K, committed 2560K, reserved 1114112K
  class space    used 210K, committed 320K, reserved 1048576K
}
Event: 14.017 GC heap before
{Heap before GC invocations=1 (full 0):
 garbage-first heap   total 163840K, used 10077K [0x0000000760000000, 0x0000000800000000)
  region size 2048K, 4 young (8192K), 1 survivors (2048K)
 Metaspace       used 4461K, committed 4672K, reserved 1114112K
  class space    used 459K, committed 576K, reserved 1048576K
}
Event: 14.023 GC heap after
{Heap after GC invocations=2 (full 0):
 garbage-first heap   total 163840K, used 4655K [0x0000000760000000, 0x0000000800000000)
  region size 2048K, 1 young (2048K), 1 survivors (2048K)
 Metaspace       used 4461K, committed 4672K, reserved 1114112K
  class space    used 459K, committed 576K, reserved 1048576K
}
Event: 15.731 GC heap before
{Heap before GC invocations=2 (full 0):
 garbage-first heap   total 163840K, used 10799K [0x0000000760000000, 0x0000000800000000)
  region size 2048K, 5 young (10240K), 1 survivors (2048K)
 Metaspace       used 6745K, committed 6976K, reserved 1114112K
  class space    used 760K, committed 896K, reserved 1048576K
}
Event: 15.737 GC heap after
{Heap after GC invocations=3 (full 0):
 garbage-first heap   total 163840K, used 5308K [0x0000000760000000, 0x0000000800000000)
  region size 2048K, 1 young (2048K), 1 survivors (2048K)
 Metaspace       used 6745K, committed 6976K, reserved 1114112K
  class space    used 760K, committed 896K, reserved 1048576K
}
Event: 22.102 GC heap before
{Heap before GC invocations=3 (full 0):
 garbage-first heap   total 163840K, used 23740K [0x0000000760000000, 0x0000000800000000)
  region size 2048K, 11 young (22528K), 1 survivors (2048K)
 Metaspace       used 12274K, committed 12544K, reserved 1114112K
  class space    used 1424K, committed 1536K, reserved 1048576K
}
Event: 22.110 GC heap after
{Heap after GC invocations=4 (full 0):
 garbage-first heap   total 163840K, used 6444K [0x0000000760000000, 0x0000000800000000)
  region size 2048K, 2 young (4096K), 2 survivors (4096K)
 Metaspace       used 12274K, committed 12544K, reserved 1114112K
  class space    used 1424K, committed 1536K, reserved 1048576K
}

